
*** Running vivado
    with args -log Main_module.vds -m64 -mode batch -messageDb vivado.pb -source Main_module.tcl


****** Vivado v2014.4 (64-bit)
  **** SW Build 1071353 on Tue Nov 18 16:47:07 MST 2014
  **** IP Build 1070531 on Tue Nov 18 01:10:18 MST 2014
    ** Copyright 1986-2014 Xilinx, Inc. All Rights Reserved.

source Main_module.tcl
# set_param gui.test TreeTableDev
# debug::add_scope template.lib 1
# set_msg_config -id {HDL 9-1061} -limit 100000
# set_msg_config -id {HDL 9-1654} -limit 100000
# create_project -in_memory -part xc7z020clg484-1
CRITICAL WARNING: [Board 49-4] Problem parsing board_part file - /eeesoft/xilinx/Vivado/2014.4/data/boards/board_parts/zynq/ZED/revD/board_part.xml, failed to parse board part file. Board Fpga file does not have valid entry for family/vendor/board_name/board_revision.
CRITICAL WARNING: [Board 49-4] Problem parsing board_part file - /eeesoft/xilinx/Vivado/2014.4/data/boards/board_parts/zynq/ZED/1_0/board.xml, failed to parse board part file. Board Fpga file does not have valid entry for family/vendor/board_name/board_revision.
# set_param project.compositeFile.enableAutoGeneration 0
# set_param synth.vivado.isSynthRun true
# set_property webtalk.parent_dir /home/2019H1400080H/Documents/Object_Distance_Measurement/Object_Distance_Measurement.cache/wt [current_project]
# set_property parent.project_path /home/2019H1400080H/Documents/Object_Distance_Measurement/Object_Distance_Measurement.xpr [current_project]
# set_property default_lib xil_defaultlib [current_project]
# set_property target_language Verilog [current_project]
# set_property board_part em.avnet.com:zed:part0:1.2 [current_project]
# add_files -quiet /home/2019H1400080H/Documents/Object_Distance_Measurement/Object_Distance_Measurement.runs/vio_0_synth_1/vio_0.dcp
# set_property used_in_implementation false [get_files /home/2019H1400080H/Documents/Object_Distance_Measurement/Object_Distance_Measurement.runs/vio_0_synth_1/vio_0.dcp]
# read_verilog -library xil_defaultlib {
#   /home/2019H1400080H/Documents/Object_Distance_Measurement/Object_Distance_Measurement.srcs/sources_1/new/ultrasonic_sensor.v
#   /home/2019H1400080H/Documents/Object_Distance_Measurement/Object_Distance_Measurement.srcs/sources_1/new/servo_motor.v
#   /home/2019H1400080H/Documents/Object_Distance_Measurement/Object_Distance_Measurement.srcs/sources_1/new/Main_module.v
# }
# read_xdc /home/2019H1400080H/Documents/Object_Distance_Measurement/Object_Distance_Measurement.srcs/constrs_1/new/Obj_distance_measurement.xdc
# set_property used_in_implementation false [get_files /home/2019H1400080H/Documents/Object_Distance_Measurement/Object_Distance_Measurement.srcs/constrs_1/new/Obj_distance_measurement.xdc]
# catch { write_hwdef -file Main_module.hwdef }
INFO: [Vivado_Tcl 4-279] hardware handoff file cannot be generated as there is no block diagram instance in the design
# synth_design -top Main_module -part xc7z020clg484-1
Command: synth_design -top Main_module -part xc7z020clg484-1
Starting synth_design
Attempting to get a license for feature 'Synthesis' and/or device 'xc7z020'
INFO: [Common 17-349] Got license for feature 'Synthesis' and/or device 'xc7z020'
INFO: [Common 17-1223] The version limit for your license is '2015.03' and will expire in -1699 days. A version limit expiration means that, although you may be able to continue to use the current version of tools or IP with this license, you will not be eligible for any updates or new releases.
---------------------------------------------------------------------------------
Starting RTL Elaboration : Time (s): cpu = 00:00:07 ; elapsed = 00:00:08 . Memory (MB): peak = 974.133 ; gain = 143.734 ; free physical = 19004 ; free virtual = 69576
---------------------------------------------------------------------------------
INFO: [Synth 8-638] synthesizing module 'Main_module' [/home/2019H1400080H/Documents/Object_Distance_Measurement/Object_Distance_Measurement.srcs/sources_1/new/Main_module.v:3]
INFO: [Synth 8-638] synthesizing module 'ultrasonic_sensor' [/home/2019H1400080H/Documents/Object_Distance_Measurement/Object_Distance_Measurement.srcs/sources_1/new/ultrasonic_sensor.v:3]
INFO: [Synth 8-256] done synthesizing module 'ultrasonic_sensor' (1#1) [/home/2019H1400080H/Documents/Object_Distance_Measurement/Object_Distance_Measurement.srcs/sources_1/new/ultrasonic_sensor.v:3]
INFO: [Synth 8-638] synthesizing module 'servo_motor' [/home/2019H1400080H/Documents/Object_Distance_Measurement/Object_Distance_Measurement.srcs/sources_1/new/servo_motor.v:3]
INFO: [Synth 8-226] default block is never used [/home/2019H1400080H/Documents/Object_Distance_Measurement/Object_Distance_Measurement.srcs/sources_1/new/servo_motor.v:37]
INFO: [Synth 8-256] done synthesizing module 'servo_motor' (2#1) [/home/2019H1400080H/Documents/Object_Distance_Measurement/Object_Distance_Measurement.srcs/sources_1/new/servo_motor.v:3]
WARNING: [Synth 8-4446] all outputs are unconnected for this instance and logic may be removed [/home/2019H1400080H/Documents/Object_Distance_Measurement/Object_Distance_Measurement.srcs/sources_1/new/Main_module.v:11]
INFO: [Synth 8-638] synthesizing module 'vio_0' [/home/2019H1400080H/Documents/Object_Distance_Measurement/Object_Distance_Measurement.runs/synth_1/.Xil/Vivado-29396-rack1-compute4.myhpc.local/realtime/vio_0_stub.v:7]
INFO: [Synth 8-256] done synthesizing module 'vio_0' (3#1) [/home/2019H1400080H/Documents/Object_Distance_Measurement/Object_Distance_Measurement.runs/synth_1/.Xil/Vivado-29396-rack1-compute4.myhpc.local/realtime/vio_0_stub.v:7]
INFO: [Synth 8-256] done synthesizing module 'Main_module' (4#1) [/home/2019H1400080H/Documents/Object_Distance_Measurement/Object_Distance_Measurement.srcs/sources_1/new/Main_module.v:3]
---------------------------------------------------------------------------------
Finished RTL Elaboration : Time (s): cpu = 00:00:08 ; elapsed = 00:00:09 . Memory (MB): peak = 1011.367 ; gain = 180.969 ; free physical = 18994 ; free virtual = 69565
---------------------------------------------------------------------------------

Report Check Netlist: 
+------+------------------+-------+---------+-------+------------------+
|      |Item              |Errors |Warnings |Status |Description       |
+------+------------------+-------+---------+-------+------------------+
|1     |multi_driven_nets |      0|        0|Passed |Multi driven nets |
+------+------------------+-------+---------+-------+------------------+
---------------------------------------------------------------------------------
Finished RTL Optimization Phase 1 : Time (s): cpu = 00:00:08 ; elapsed = 00:00:09 . Memory (MB): peak = 1011.367 ; gain = 180.969 ; free physical = 18991 ; free virtual = 69563
---------------------------------------------------------------------------------
Loading clock regions from /eeesoft/xilinx/Vivado/2014.4/data/parts/xilinx/zynq/zynq/xc7z020/ClockRegion.xml
Loading clock buffers from /eeesoft/xilinx/Vivado/2014.4/data/parts/xilinx/zynq/zynq/xc7z020/ClockBuffers.xml
Loading clock placement rules from /eeesoft/xilinx/Vivado/2014.4/data/parts/xilinx/zynq/ClockPlacerRules.xml
Loading package pin functions from /eeesoft/xilinx/Vivado/2014.4/data/parts/xilinx/zynq/PinFunctions.xml...
Loading package from /eeesoft/xilinx/Vivado/2014.4/data/parts/xilinx/zynq/zynq/xc7z020/clg484/Package.xml
Loading io standards from /eeesoft/xilinx/Vivado/2014.4/data/./parts/xilinx/zynq/IOStandards.xml
INFO: [Project 1-570] Preparing netlist for logic optimization

Processing XDC Constraints
Initializing timing engine
Parsing XDC File [/home/2019H1400080H/Documents/Object_Distance_Measurement/Object_Distance_Measurement.srcs/constrs_1/new/Obj_distance_measurement.xdc]
Finished Parsing XDC File [/home/2019H1400080H/Documents/Object_Distance_Measurement/Object_Distance_Measurement.srcs/constrs_1/new/Obj_distance_measurement.xdc]
Completed Processing XDC Constraints

INFO: [Project 1-111] Unisim Transformation Summary:
No Unisim elements were transformed.

Constraint Validation Runtime : Time (s): cpu = 00:00:00 ; elapsed = 00:00:00 . Memory (MB): peak = 1378.844 ; gain = 0.000 ; free physical = 18697 ; free virtual = 69269
---------------------------------------------------------------------------------
Finished Constraint Validation : Time (s): cpu = 00:00:19 ; elapsed = 00:00:21 . Memory (MB): peak = 1378.844 ; gain = 548.445 ; free physical = 18684 ; free virtual = 69255
---------------------------------------------------------------------------------
---------------------------------------------------------------------------------
Start Loading Part and Timing Information
---------------------------------------------------------------------------------
Loading part: xc7z020clg484-1
---------------------------------------------------------------------------------
Finished Loading Part and Timing Information : Time (s): cpu = 00:00:19 ; elapsed = 00:00:21 . Memory (MB): peak = 1378.844 ; gain = 548.445 ; free physical = 18684 ; free virtual = 69255
---------------------------------------------------------------------------------
---------------------------------------------------------------------------------
Start Applying 'set_property' XDC Constraints
---------------------------------------------------------------------------------
---------------------------------------------------------------------------------
Finished applying 'set_property' XDC Constraints : Time (s): cpu = 00:00:19 ; elapsed = 00:00:21 . Memory (MB): peak = 1378.844 ; gain = 548.445 ; free physical = 18682 ; free virtual = 69254
---------------------------------------------------------------------------------
---------------------------------------------------------------------------------
Finished RTL Optimization Phase 2 : Time (s): cpu = 00:00:20 ; elapsed = 00:00:21 . Memory (MB): peak = 1378.844 ; gain = 548.445 ; free physical = 18669 ; free virtual = 69241
---------------------------------------------------------------------------------

Report RTL Partitions: 
+-+--------------+------------+----------+
| |RTL Partition |Replication |Instances |
+-+--------------+------------+----------+
+-+--------------+------------+----------+
---------------------------------------------------------------------------------
Start RTL Component Statistics 
---------------------------------------------------------------------------------
Detailed RTL Component Info : 
+---Adders : 
	   2 Input     25 Bit       Adders := 1     
	   3 Input     21 Bit       Adders := 1     
	   2 Input      4 Bit       Adders := 1     
+---Registers : 
	               25 Bit    Registers := 1     
	               14 Bit    Registers := 1     
	                4 Bit    Registers := 1     
	                1 Bit    Registers := 1     
+---Multipliers : 
	                 6x25  Multipliers := 1     
+---Muxes : 
	   8 Input      8 Bit        Muxes := 1     
	  16 Input      8 Bit        Muxes := 1     
---------------------------------------------------------------------------------
Finished RTL Component Statistics 
---------------------------------------------------------------------------------
---------------------------------------------------------------------------------
Start RTL Hierarchical Component Statistics 
---------------------------------------------------------------------------------
Hierarchical RTL Component report 
Module Main_module 
Detailed RTL Component Info : 
Module ultrasonic_sensor 
Detailed RTL Component Info : 
+---Adders : 
	   2 Input     25 Bit       Adders := 1     
+---Registers : 
	               25 Bit    Registers := 1     
	               14 Bit    Registers := 1     
	                1 Bit    Registers := 1     
+---Multipliers : 
	                 6x25  Multipliers := 1     
+---Muxes : 
	   8 Input      8 Bit        Muxes := 1     
Module servo_motor 
Detailed RTL Component Info : 
+---Adders : 
	   3 Input     21 Bit       Adders := 1     
	   2 Input      4 Bit       Adders := 1     
+---Registers : 
	                4 Bit    Registers := 1     
+---Muxes : 
	  16 Input      8 Bit        Muxes := 1     
---------------------------------------------------------------------------------
Finished RTL Hierarchical Component Statistics
---------------------------------------------------------------------------------
---------------------------------------------------------------------------------
Start Part Resource Summary
---------------------------------------------------------------------------------
Part Resources:
DSPs: 220 (col length:60)
BRAMs: 280 (col length: RAMB18 60 RAMB36 30)
---------------------------------------------------------------------------------
Finished Part Resource Summary
---------------------------------------------------------------------------------
Start Parallel Synthesis Optimization  : Time (s): cpu = 00:00:20 ; elapsed = 00:00:21 . Memory (MB): peak = 1378.844 ; gain = 548.445 ; free physical = 18649 ; free virtual = 69221
---------------------------------------------------------------------------------
Start Cross Boundary Optimization
---------------------------------------------------------------------------------
DSP Report: Generating DSP sg90/PWM2, operation Mode is: (A:0x3b6)*B.
DSP Report: operator sg90/PWM2 is absorbed into DSP sg90/PWM2.
---------------------------------------------------------------------------------
Finished Cross Boundary Optimization : Time (s): cpu = 00:00:20 ; elapsed = 00:00:22 . Memory (MB): peak = 1378.844 ; gain = 548.445 ; free physical = 18694 ; free virtual = 69265
---------------------------------------------------------------------------------
Finished Parallel Reinference  : Time (s): cpu = 00:00:20 ; elapsed = 00:00:22 . Memory (MB): peak = 1378.844 ; gain = 548.445 ; free physical = 18694 ; free virtual = 69265

Report RTL Partitions: 
+-+--------------+------------+----------+
| |RTL Partition |Replication |Instances |
+-+--------------+------------+----------+
+-+--------------+------------+----------+
 Sort Area is null sg90/PWM2_0 : 0 0 : 345 345 : Used 1 time 0
---------------------------------------------------------------------------------
Start RAM, DSP and Shift Register Reporting
---------------------------------------------------------------------------------

DSP:
+------------+-------------+--------------+--------+--------+--------+--------+--------+------+------+------+------+-------+------+------+
|Module Name | DSP Mapping | Neg Edge Clk | A Size | B Size | C Size | D Size | P Size | AREG | BREG | CREG | DREG | ADREG | MREG | PREG | 
+------------+-------------+--------------+--------+--------+--------+--------+--------+------+------+------+------+-------+------+------+
|servo_motor | (A:0x3b6)*B | No           | 8      | 10     | 48     | 25     | 18     | 0    | 0    | 1    | 1    | 1     | 0    | 0    | 
+------------+-------------+--------------+--------+--------+--------+--------+--------+------+------+------+------+-------+------+------+

Note: The table shows DSPs generated at current stage. Some DSP generation could be reversed due to later optimizations. Multiple instantiated DSPs are reported only once.
---------------------------------------------------------------------------------
Finished RAM, DSP and Shift Register Reporting
---------------------------------------------------------------------------------
---------------------------------------------------------------------------------
Start Area Optimization
---------------------------------------------------------------------------------
---------------------------------------------------------------------------------
Finished Area Optimization : Time (s): cpu = 00:00:21 ; elapsed = 00:00:23 . Memory (MB): peak = 1378.844 ; gain = 548.445 ; free physical = 18685 ; free virtual = 69256
---------------------------------------------------------------------------------
---------------------------------------------------------------------------------
Finished Area Optimization : Time (s): cpu = 00:00:21 ; elapsed = 00:00:23 . Memory (MB): peak = 1378.844 ; gain = 548.445 ; free physical = 18685 ; free virtual = 69256
---------------------------------------------------------------------------------
Finished Parallel Area Optimization  : Time (s): cpu = 00:00:21 ; elapsed = 00:00:23 . Memory (MB): peak = 1378.844 ; gain = 548.445 ; free physical = 18685 ; free virtual = 69256

Report RTL Partitions: 
+-+--------------+------------+----------+
| |RTL Partition |Replication |Instances |
+-+--------------+------------+----------+
+-+--------------+------------+----------+
Finished Parallel Synthesis Optimization  : Time (s): cpu = 00:00:21 ; elapsed = 00:00:23 . Memory (MB): peak = 1378.844 ; gain = 548.445 ; free physical = 18685 ; free virtual = 69256
---------------------------------------------------------------------------------
Start Timing Optimization
---------------------------------------------------------------------------------
---------------------------------------------------------------------------------
Start Applying XDC Timing Constraints
---------------------------------------------------------------------------------
---------------------------------------------------------------------------------
Finished Applying XDC Timing Constraints : Time (s): cpu = 00:00:42 ; elapsed = 00:00:44 . Memory (MB): peak = 1378.844 ; gain = 548.445 ; free physical = 18673 ; free virtual = 69245
---------------------------------------------------------------------------------
---------------------------------------------------------------------------------
Finished Timing Optimization : Time (s): cpu = 00:00:42 ; elapsed = 00:00:44 . Memory (MB): peak = 1378.844 ; gain = 548.445 ; free physical = 18673 ; free virtual = 69244
---------------------------------------------------------------------------------

Report RTL Partitions: 
+-+--------------+------------+----------+
| |RTL Partition |Replication |Instances |
+-+--------------+------------+----------+
+-+--------------+------------+----------+
---------------------------------------------------------------------------------
Start Technology Mapping
---------------------------------------------------------------------------------
---------------------------------------------------------------------------------
Finished Technology Mapping : Time (s): cpu = 00:00:43 ; elapsed = 00:00:45 . Memory (MB): peak = 1378.844 ; gain = 548.445 ; free physical = 18661 ; free virtual = 69233
---------------------------------------------------------------------------------

Report RTL Partitions: 
+-+--------------+------------+----------+
| |RTL Partition |Replication |Instances |
+-+--------------+------------+----------+
+-+--------------+------------+----------+
---------------------------------------------------------------------------------
Start IO Insertion
---------------------------------------------------------------------------------
---------------------------------------------------------------------------------
Start Flattening Before IO Insertion
---------------------------------------------------------------------------------
---------------------------------------------------------------------------------
Finished Flattening Before IO Insertion
---------------------------------------------------------------------------------
---------------------------------------------------------------------------------
Start Final Netlist Cleanup
---------------------------------------------------------------------------------
---------------------------------------------------------------------------------
Finished Final Netlist Cleanup
---------------------------------------------------------------------------------
---------------------------------------------------------------------------------
Finished IO Insertion : Time (s): cpu = 00:00:43 ; elapsed = 00:00:45 . Memory (MB): peak = 1378.844 ; gain = 548.445 ; free physical = 18656 ; free virtual = 69228
---------------------------------------------------------------------------------

Report Check Netlist: 
+------+------------------+-------+---------+-------+------------------+
|      |Item              |Errors |Warnings |Status |Description       |
+------+------------------+-------+---------+-------+------------------+
|1     |multi_driven_nets |      0|        0|Passed |Multi driven nets |
+------+------------------+-------+---------+-------+------------------+
---------------------------------------------------------------------------------
Start Renaming Generated Instances
---------------------------------------------------------------------------------
---------------------------------------------------------------------------------
Finished Renaming Generated Instances : Time (s): cpu = 00:00:43 ; elapsed = 00:00:45 . Memory (MB): peak = 1378.844 ; gain = 548.445 ; free physical = 18656 ; free virtual = 69228
---------------------------------------------------------------------------------

Report RTL Partitions: 
+-+--------------+------------+----------+
| |RTL Partition |Replication |Instances |
+-+--------------+------------+----------+
+-+--------------+------------+----------+
---------------------------------------------------------------------------------
Start Rebuilding User Hierarchy
---------------------------------------------------------------------------------
---------------------------------------------------------------------------------
Finished Rebuilding User Hierarchy : Time (s): cpu = 00:00:43 ; elapsed = 00:00:45 . Memory (MB): peak = 1378.844 ; gain = 548.445 ; free physical = 18655 ; free virtual = 69227
---------------------------------------------------------------------------------
---------------------------------------------------------------------------------
Start RAM, DSP and Shift Register Reporting
---------------------------------------------------------------------------------
---------------------------------------------------------------------------------
Finished RAM, DSP and Shift Register Reporting
---------------------------------------------------------------------------------
---------------------------------------------------------------------------------
Start Writing Synthesis Report
---------------------------------------------------------------------------------

Report BlackBoxes: 
+------+--------------+----------+
|      |BlackBox name |Instances |
+------+--------------+----------+
|1     |vio_0         |         1|
+------+--------------+----------+

Report Cell Usage: 
+------+--------+------+
|      |Cell    |Count |
+------+--------+------+
|1     |vio_0   |     1|
|2     |BUFG    |     1|
|3     |CARRY4  |    95|
|4     |DSP48E1 |     1|
|5     |LUT1    |   173|
|6     |LUT2    |   118|
|7     |LUT3    |   101|
|8     |LUT4    |    67|
|9     |LUT5    |    66|
|10    |LUT6    |    81|
|11    |FDRE    |   141|
|12    |IBUF    |     3|
|13    |OBUF    |    10|
+------+--------+------+

Report Instance Areas: 
+------+---------+------------------+------+
|      |Instance |Module            |Cells |
+------+---------+------------------+------+
|1     |top      |                  |   857|
|2     |  sg90   |servo_motor       |   165|
|3     |  us100  |ultrasonic_sensor |   660|
+------+---------+------------------+------+
---------------------------------------------------------------------------------
Finished Writing Synthesis Report : Time (s): cpu = 00:00:43 ; elapsed = 00:00:45 . Memory (MB): peak = 1378.844 ; gain = 548.445 ; free physical = 18655 ; free virtual = 69228
---------------------------------------------------------------------------------
Synthesis finished with 0 errors, 0 critical warnings and 0 warnings.
Synthesis Optimization Runtime : Time (s): cpu = 00:00:33 ; elapsed = 00:00:34 . Memory (MB): peak = 1378.844 ; gain = 77.234 ; free physical = 18637 ; free virtual = 69209
Synthesis Optimization Complete : Time (s): cpu = 00:00:43 ; elapsed = 00:00:46 . Memory (MB): peak = 1378.844 ; gain = 548.445 ; free physical = 18637 ; free virtual = 69209
INFO: [Project 1-571] Translating synthesized netlist
INFO: [Netlist 29-17] Analyzing 99 Unisim elements for replacement
INFO: [Netlist 29-28] Unisim Transformation completed in 0 CPU seconds
INFO: [Project 1-570] Preparing netlist for logic optimization
INFO: [Opt 31-140] Inserted 0 IBUFs to IO ports without IO buffers.
INFO: [Opt 31-141] Inserted 0 OBUFs to IO ports without IO buffers.
INFO: [Opt 31-138] Pushed 0 inverter(s) to 0 load pin(s).
INFO: [Project 1-111] Unisim Transformation Summary:
No Unisim elements were transformed.

INFO: [Common 17-83] Releasing license: Synthesis
22 Infos, 1 Warnings, 0 Critical Warnings and 0 Errors encountered.
synth_design completed successfully
synth_design: Time (s): cpu = 00:00:42 ; elapsed = 00:00:44 . Memory (MB): peak = 1378.844 ; gain = 448.711 ; free physical = 18644 ; free virtual = 69216
# write_checkpoint -noxdef Main_module.dcp
# catch { report_utilization -file Main_module_utilization_synth.rpt -pb Main_module_utilization_synth.pb }
report_utilization: Time (s): cpu = 00:00:00.07 ; elapsed = 00:00:00.13 . Memory (MB): peak = 1378.844 ; gain = 0.000 ; free physical = 18658 ; free virtual = 69231
INFO: [Common 17-206] Exiting Vivado at Sun Nov 24 15:45:59 2019...
